0 info it worked if it ends with ok
1 verbose cli [ '/home/falconertc/.nvm/versions/node/v5.4.1/bin/node',
1 verbose cli   '/home/falconertc/.nvm/versions/node/v5.4.1/bin/npm',
1 verbose cli   'start' ]
2 info using npm@3.3.12
3 info using node@v5.4.1
4 verbose stack Error: ENOENT: no such file or directory, open '/home/falconertc/Documents/voidtrack/package.json'
4 verbose stack     at Error (native)
5 verbose cwd /home/falconertc/Documents/voidtrack
6 error Linux 3.19.0-58-generic
7 error argv "/home/falconertc/.nvm/versions/node/v5.4.1/bin/node" "/home/falconertc/.nvm/versions/node/v5.4.1/bin/npm" "start"
8 error node v5.4.1
9 error npm  v3.3.12
10 error path /home/falconertc/Documents/voidtrack/package.json
11 error code ENOENT
12 error errno -2
13 error syscall open
14 error enoent ENOENT: no such file or directory, open '/home/falconertc/Documents/voidtrack/package.json'
14 error enoent This is most likely not a problem with npm itself
14 error enoent and is related to npm not being able to find a file.
15 verbose exit [ -2, true ]
